2024-06-06 13:55:36,946 INFO o.a.j.u.JMeterUtils: Setting Locale to en_EN
2024-06-06 13:55:37,016 INFO o.a.j.JMeter: Loading user properties from: user.properties
2024-06-06 13:55:37,016 INFO o.a.j.JMeter: Loading system properties from: system.properties
2024-06-06 13:55:37,026 INFO o.a.j.JMeter: Copyright (c) 1998-2024 The Apache Software Foundation
2024-06-06 13:55:37,026 INFO o.a.j.JMeter: Version 5.6.3
2024-06-06 13:55:37,026 INFO o.a.j.JMeter: java.version=11.0.21
2024-06-06 13:55:37,026 INFO o.a.j.JMeter: java.vm.name=Java HotSpot(TM) 64-Bit Server VM
2024-06-06 13:55:37,026 INFO o.a.j.JMeter: os.name=Windows 11
2024-06-06 13:55:37,026 INFO o.a.j.JMeter: os.arch=amd64
2024-06-06 13:55:37,026 INFO o.a.j.JMeter: os.version=10.0
2024-06-06 13:55:37,026 INFO o.a.j.JMeter: file.encoding=Cp1252
2024-06-06 13:55:37,026 INFO o.a.j.JMeter: java.awt.headless=true
2024-06-06 13:55:37,026 INFO o.a.j.JMeter: Max memory     =1073741824
2024-06-06 13:55:37,026 INFO o.a.j.JMeter: Available Processors =4
2024-06-06 13:55:37,089 INFO o.a.j.JMeter: Default Locale=English (EN)
2024-06-06 13:55:37,089 INFO o.a.j.JMeter: JMeter  Locale=English (EN)
2024-06-06 13:55:37,089 INFO o.a.j.JMeter: JMeterHome=C:\Users\KiwiTech\Downloads\apache-jmeter-5.6.3\apache-jmeter-5.6.3
2024-06-06 13:55:37,089 INFO o.a.j.JMeter: user.dir  =C:\Users\KiwiTech\Downloads\apache-jmeter-5.6.3\apache-jmeter-5.6.3\bin
2024-06-06 13:55:37,089 INFO o.a.j.JMeter: PWD       =C:\Users\KiwiTech\Downloads\apache-jmeter-5.6.3\apache-jmeter-5.6.3\bin
2024-06-06 13:55:37,089 INFO o.a.j.JMeter: IP: 192.168.1.7 Name: DESKTOP-E6VQPAT FullName: DESKTOP-E6VQPAT
2024-06-06 13:55:37,105 INFO o.a.j.s.FileServer: Default base='C:\Users\KiwiTech\Downloads\apache-jmeter-5.6.3\apache-jmeter-5.6.3\bin'
2024-06-06 13:55:37,105 INFO o.a.j.s.FileServer: Set new base='C:\Users\KiwiTech\Downloads\apache-jmeter-5.6.3\apache-jmeter-5.6.3\bin'
2024-06-06 13:55:37,429 INFO o.a.j.s.SaveService: Testplan (JMX) version: 2.2. Testlog (JTL) version: 2.2
2024-06-06 13:55:37,469 INFO o.a.j.s.SaveService: Using SaveService properties version 5.0
2024-06-06 13:55:37,475 INFO o.a.j.s.SaveService: Using SaveService properties file encoding UTF-8
2024-06-06 13:55:37,475 INFO o.a.j.s.SaveService: Loading file: 1.jmx
2024-06-06 13:55:37,588 INFO o.a.j.JMeter: Creating summariser <summary>
2024-06-06 13:55:37,733 INFO o.a.j.e.StandardJMeterEngine: Running the test!
2024-06-06 13:55:37,774 INFO o.a.j.s.SampleEvent: List of sample_variables: []
2024-06-06 13:55:37,774 INFO o.a.j.s.SampleEvent: List of sample_variables: []
2024-06-06 13:55:38,039 INFO o.a.j.e.u.CompoundVariable: Note: Function class names must contain the string: '.functions.'
2024-06-06 13:55:38,039 INFO o.a.j.e.u.CompoundVariable: Note: Function class names must not contain the string: '.gui.'
2024-06-06 13:55:40,153 INFO o.a.j.p.j.s.JavaSampler: Created class: org.apache.jmeter.protocol.java.test.JavaTest. Uses tearDownTest: 
2024-06-06 13:55:40,169 INFO o.a.j.JMeter: Running test (1717662340169)
2024-06-06 13:55:40,201 INFO o.a.j.e.StandardJMeterEngine: Starting ThreadGroup: 1 : Thread Group
2024-06-06 13:55:40,201 INFO o.a.j.e.StandardJMeterEngine: Starting 1 threads for group Thread Group.
2024-06-06 13:55:40,201 INFO o.a.j.e.StandardJMeterEngine: Thread will continue on error
2024-06-06 13:55:40,202 INFO o.a.j.t.ThreadGroup: Starting thread group... number=1 threads=1 ramp-up=1 delayedStart=false
2024-06-06 13:55:40,203 INFO o.a.j.t.ThreadGroup: Started thread group number 1
2024-06-06 13:55:40,203 INFO o.a.j.e.StandardJMeterEngine: All thread groups have been started
2024-06-06 13:55:40,203 INFO o.a.j.t.JMeterThread: Thread started: Thread Group 1-1
2024-06-06 13:55:40,230 INFO o.a.j.s.SampleResult: Note: Sample TimeStamps are START times
2024-06-06 13:55:40,230 INFO o.a.j.s.SampleResult: sampleresult.default.encoding is set to UTF-8
2024-06-06 13:55:40,231 INFO o.a.j.s.SampleResult: sampleresult.useNanoTime=true
2024-06-06 13:55:40,231 INFO o.a.j.s.SampleResult: sampleresult.nanoThreadSleep=5000
2024-06-06 13:55:40,417 INFO o.a.j.t.JMeterThread: Thread is done: Thread Group 1-1
2024-06-06 13:55:40,417 INFO o.a.j.t.JMeterThread: Thread finished: Thread Group 1-1
2024-06-06 13:55:40,417 INFO o.a.j.e.StandardJMeterEngine: Notifying test listeners of end of test
2024-06-06 13:55:40,417 INFO o.a.j.r.Summariser: summary =      1 in 00:00:00 =    4.0/s Avg:   184 Min:   184 Max:   184 Err:     0 (0.00%)
